d:\cse687ood\phase_3\mattlib\debug\vc120.pdb
d:\cse687ood\phase_3\mattlib\debug\vc120.idb
d:\cse687ood\phase_3\mattlib\debug\dllmain.obj
d:\cse687ood\phase_3\mattlib\debug\mattlib.obj
d:\cse687ood\phase_3\mattlib\debug\pch.obj
c:\users\matthew.murphy\documents\cse687ood\phase_3\mattlib\debug\vc120.pdb
c:\users\matthew.murphy\documents\cse687ood\phase_3\mattlib\debug\vc120.idb
c:\users\matthew.murphy\documents\cse687ood\phase_3\mattlib\debug\mattlib.obj
c:\users\matthew.murphy\documents\cse687ood\phase_3\mattlib\debug\dllmain.obj
c:\users\matthew.murphy\documents\cse687ood\phase_3\mattlib\debug\pch.obj
d:\cse687ood\phase_3\testharness\debug\mattlib.ilk
d:\cse687ood\phase_3\testharness\debug\mattlib.dll
d:\cse687ood\phase_3\testharness\debug\mattlib.pdb
c:\users\matthew.murphy\documents\cse687ood\phase_3\testharness\debug\mattlib.ilk
c:\users\matthew.murphy\documents\cse687ood\phase_3\testharness\debug\mattlib.dll
c:\users\matthew.murphy\documents\cse687ood\phase_3\testharness\debug\mattlib.pdb
d:\cse687ood\phase_3\testharness\debug\mattlib.lib
d:\cse687ood\phase_3\testharness\debug\mattlib.exp
c:\users\matthew.murphy\documents\cse687ood\phase_3\testharness\debug\mattlib.lib
c:\users\matthew.murphy\documents\cse687ood\phase_3\testharness\debug\mattlib.exp
c:\users\matthew.murphy\documents\cse687ood\phase_3\mattlib\debug\mattlib.tlog\cl.command.1.tlog
c:\users\matthew.murphy\documents\cse687ood\phase_3\mattlib\debug\mattlib.tlog\cl.read.1.tlog
c:\users\matthew.murphy\documents\cse687ood\phase_3\mattlib\debug\mattlib.tlog\cl.write.1.tlog
c:\users\matthew.murphy\documents\cse687ood\phase_3\mattlib\debug\mattlib.tlog\link.command.1.tlog
c:\users\matthew.murphy\documents\cse687ood\phase_3\mattlib\debug\mattlib.tlog\link.read.1.tlog
c:\users\matthew.murphy\documents\cse687ood\phase_3\mattlib\debug\mattlib.tlog\link.write.1.tlog
c:\users\matthew.murphy\documents\cse687ood\phase_3\mattlib\debug\mattlib.tlog\mattlib.write.1u.tlog
